Arguments: 
  /home/vagrant/.nodebrew/node/v14.15.3/bin/node /usr/bin/yarn

PATH: 
  /home/vagrant/.nodebrew/current/bin:/home/vagrant/.vscode-server/bin/ea3859d4ba2f3e577a159bc91e3074c5d85c0523/bin:/home/vagrant/.vscode-server/bin/ea3859d4ba2f3e577a159bc91e3074c5d85c0523/bin:/usr/local/bin:/usr/bin:/usr/local/sbin:/usr/sbin:/home/vagrant/.local/bin:/home/vagrant/bin

Yarn version: 
  1.22.10

Node version: 
  14.15.3

Platform: 
  linux x64

Trace: 
  Error: EACCES: permission denied, unlink '/usr/share/nginx/html/src/node_modules/@types/history/DOMUtils.d.ts'

npm manifest: 
  {
      "private": true,
      "scripts": {
          "dev": "npm run development",
          "development": "cross-env NODE_ENV=development node_modules/webpack/bin/webpack.js --progress --config=node_modules/laravel-mix/setup/webpack.config.js",
          "watch": "npm run development -- --watch",
          "watch-poll": "npm run watch -- --watch-poll",
          "hot": "cross-env NODE_ENV=development node_modules/webpack-dev-server/bin/webpack-dev-server.js --inline --hot --disable-host-check --config=node_modules/laravel-mix/setup/webpack.config.js",
          "prod": "npm run production",
          "production": "cross-env NODE_ENV=production node_modules/webpack/bin/webpack.js --no-progress --config=node_modules/laravel-mix/setup/webpack.config.js"
      },
      "devDependencies": {
          "@babel/preset-react": "^7.0.0",
          "@types/react": "^17.0.0",
          "@types/react-dom": "^17.0.0",
          "@types/react-router-dom": "^5.1.6",
          "bootstrap": "^4.0.0",
          "jquery": "^3.2",
          "laravel-mix": "^5.0.1",
          "lodash": "^4.17.19",
          "popper.js": "^1.12",
          "react": "^16.14.0",
          "react-dom": "^16.14.0",
          "resolve-url-loader": "^3.1.0",
          "sass": "^1.15.2",
          "sass-loader": "^8.0.0",
          "source-map-loader": "^1.1.3",
          "ts-loader": "^4.4.2",
          "typescript": "^4.1.3"
      },
      "dependencies": {
          "axios": "^0.19.2",
          "hard-source-webpack-plugin": "^0.13.1",
          "react-router-dom": "^5.2.0"
      }
  }

yarn manifest: 
  No manifest

Lockfile: 
  No lockfile
